[0.939s] DEBUG:colcon:Command line arguments: ['/usr/bin/colcon', 'build']
[0.939s] DEBUG:colcon:Parsed command line arguments: Namespace(log_base=None, log_level=None, verb_name='build', build_base='build', install_base='install', merge_install=False, symlink_install=False, test_result_base=None, continue_on_error=False, executor='parallel', parallel_workers=2, event_handlers=None, ignore_user_meta=False, metas=['./colcon.meta'], base_paths=['.'], packages_ignore=None, packages_ignore_regex=None, paths=None, packages_up_to=None, packages_up_to_regex=None, packages_above=None, packages_above_and_dependencies=None, packages_above_depth=None, packages_select_by_dep=None, packages_skip_by_dep=None, packages_skip_up_to=None, packages_select_build_failed=False, packages_skip_build_finished=False, packages_select_test_failures=False, packages_skip_test_passed=False, packages_select=None, packages_skip=None, packages_select_regex=None, packages_skip_regex=None, packages_start=None, packages_end=None, allow_overriding=[], cmake_args=None, cmake_target=None, cmake_target_skip_unavailable=False, cmake_clean_cache=False, cmake_clean_first=False, cmake_force_configure=False, ament_cmake_args=None, catkin_cmake_args=None, catkin_skip_building_tests=False, verb_parser=<colcon_defaults.argument_parser.defaults.DefaultArgumentsDecorator object at 0x7f12a21bff40>, verb_extension=<colcon_core.verb.build.BuildVerb object at 0x7f12a20d1720>, main=<bound method BuildVerb.main of <colcon_core.verb.build.BuildVerb object at 0x7f12a20d1720>>)
[1.014s] Level 1:colcon.colcon_core.package_discovery:discover_packages(colcon_meta) check parameters
[1.014s] Level 1:colcon.colcon_core.package_discovery:discover_packages(recursive) check parameters
[1.014s] Level 1:colcon.colcon_core.package_discovery:discover_packages(ignore) check parameters
[1.014s] Level 1:colcon.colcon_core.package_discovery:discover_packages(path) check parameters
[1.014s] Level 1:colcon.colcon_core.package_discovery:discover_packages(colcon_meta) discover
[1.014s] Level 1:colcon.colcon_core.package_discovery:discover_packages(recursive) discover
[1.014s] INFO:colcon.colcon_core.package_discovery:Crawling recursively for packages in '/home/robu/work/robu_ct_ws/src/robu'
[1.014s] Level 1:colcon.colcon_core.package_identification:_identify(.) by extensions ['ignore', 'ignore_ament_install']
[1.014s] Level 1:colcon.colcon_core.package_identification:_identify(.) by extension 'ignore'
[1.014s] Level 1:colcon.colcon_core.package_identification:_identify(.) by extension 'ignore_ament_install'
[1.015s] Level 1:colcon.colcon_core.package_identification:_identify(.) by extensions ['colcon_pkg']
[1.015s] Level 1:colcon.colcon_core.package_identification:_identify(.) by extension 'colcon_pkg'
[1.015s] Level 1:colcon.colcon_core.package_identification:_identify(.) by extensions ['colcon_meta']
[1.015s] Level 1:colcon.colcon_core.package_identification:_identify(.) by extension 'colcon_meta'
[1.015s] Level 1:colcon.colcon_core.package_identification:_identify(.) by extensions ['ros']
[1.015s] Level 1:colcon.colcon_core.package_identification:_identify(.) by extension 'ros'
[1.037s] DEBUG:colcon.colcon_core.package_identification:Failed to parse potential ROS package manifest in'.': Error(s) in package './package.xml':
The manifest contains invalid XML:
mismatched tag: line 21, column 2
[1.037s] Level 1:colcon.colcon_core.package_identification:_identify(.) by extensions ['cmake', 'python']
[1.037s] Level 1:colcon.colcon_core.package_identification:_identify(.) by extension 'cmake'
[1.037s] Level 1:colcon.colcon_core.package_identification:_identify(.) by extension 'python'
[1.038s] DEBUG:colcon.colcon_core.package_identification:Python package in '.' passes arguments to the setup() function which requires a different identification extension than 'python'
[1.038s] Level 1:colcon.colcon_core.package_identification:_identify(.) by extensions ['python_setup_py']
[1.038s] Level 1:colcon.colcon_core.package_identification:_identify(.) by extension 'python_setup_py'
[1.422s] DEBUG:colcon.colcon_core.package_identification:Package '.' with type 'python' and name 'robu'
[1.422s] Level 1:colcon.colcon_core.package_discovery:discover_packages(recursive) using defaults
[1.422s] Level 1:colcon.colcon_core.package_discovery:discover_packages(ignore) discover
[1.422s] Level 1:colcon.colcon_core.package_discovery:discover_packages(ignore) using defaults
[1.423s] Level 1:colcon.colcon_core.package_discovery:discover_packages(path) discover
[1.423s] Level 1:colcon.colcon_core.package_discovery:discover_packages(path) using defaults
[1.512s] Level 1:colcon.colcon_core.package_discovery:discover_packages(prefix_path) check parameters
[1.512s] Level 1:colcon.colcon_core.package_discovery:discover_packages(prefix_path) discover
[1.524s] DEBUG:colcon.colcon_installed_package_information.package_discovery:Found 17 installed packages in /home/robu/work/turtlebot3_ws/install
[1.526s] DEBUG:colcon.colcon_installed_package_information.package_discovery:Found 1 installed packages in /home/robu/work/robu_lenjon_ws/install
[1.528s] DEBUG:colcon.colcon_installed_package_information.package_discovery:Found 1 installed packages in /home/robu/work/robu_ct_ws/install
[1.532s] DEBUG:colcon.colcon_installed_package_information.package_discovery:Found 358 installed packages in /opt/ros/humble
[1.535s] Level 1:colcon.colcon_core.package_discovery:discover_packages(prefix_path) using defaults
[1.697s] Level 5:colcon.colcon_core.verb:set package 'robu' build argument 'cmake_args' from command line to 'None'
[1.697s] Level 5:colcon.colcon_core.verb:set package 'robu' build argument 'cmake_target' from command line to 'None'
[1.697s] Level 5:colcon.colcon_core.verb:set package 'robu' build argument 'cmake_target_skip_unavailable' from command line to 'False'
[1.697s] Level 5:colcon.colcon_core.verb:set package 'robu' build argument 'cmake_clean_cache' from command line to 'False'
[1.697s] Level 5:colcon.colcon_core.verb:set package 'robu' build argument 'cmake_clean_first' from command line to 'False'
[1.697s] Level 5:colcon.colcon_core.verb:set package 'robu' build argument 'cmake_force_configure' from command line to 'False'
[1.697s] Level 5:colcon.colcon_core.verb:set package 'robu' build argument 'ament_cmake_args' from command line to 'None'
[1.697s] Level 5:colcon.colcon_core.verb:set package 'robu' build argument 'catkin_cmake_args' from command line to 'None'
[1.697s] Level 5:colcon.colcon_core.verb:set package 'robu' build argument 'catkin_skip_building_tests' from command line to 'False'
[1.697s] DEBUG:colcon.colcon_core.verb:Building package 'robu' with the following arguments: {'ament_cmake_args': None, 'build_base': '/home/robu/work/robu_ct_ws/src/robu/build/robu', 'catkin_cmake_args': None, 'catkin_skip_building_tests': False, 'cmake_args': None, 'cmake_clean_cache': False, 'cmake_clean_first': False, 'cmake_force_configure': False, 'cmake_target': None, 'cmake_target_skip_unavailable': False, 'install_base': '/home/robu/work/robu_ct_ws/src/robu/install/robu', 'merge_install': False, 'path': '/home/robu/work/robu_ct_ws/src/robu', 'symlink_install': False, 'test_result_base': None}
[1.698s] INFO:colcon.colcon_core.executor:Executing jobs using 'parallel' executor
[1.701s] DEBUG:colcon.colcon_parallel_executor.executor.parallel:run_until_complete
[1.702s] INFO:colcon.colcon_core.task.python.build:Building Python package in '/home/robu/work/robu_ct_ws/src/robu'
[1.717s] INFO:colcon.colcon_core.plugin_system:Skipping extension 'colcon_core.shell.bat': Not used on non-Windows systems
[1.717s] INFO:colcon.colcon_core.shell:Skip shell extension 'powershell' for command environment: Not usable outside of PowerShell
[1.717s] DEBUG:colcon.colcon_core.shell:Skip shell extension 'dsv' for command environment
[2.799s] DEBUG:colcon.colcon_core.event_handler.log_command:Invoking command in '/home/robu/work/robu_ct_ws/src/robu': PYTHONPATH=/home/robu/work/robu_ct_ws/src/robu/build/robu/prefix_override:/home/robu/work/robu_ct_ws/src/robu/install/robu/lib/python3.10/site-packages:${PYTHONPATH} /usr/bin/python3 setup.py egg_info --egg-base build/robu build --build-base /home/robu/work/robu_ct_ws/src/robu/build/robu/build install --record /home/robu/work/robu_ct_ws/src/robu/build/robu/install.log --single-version-externally-managed
[3.345s] DEBUG:colcon.colcon_core.event_handler.log_command:Invoked command in '/home/robu/work/robu_ct_ws/src/robu' returned '0': PYTHONPATH=/home/robu/work/robu_ct_ws/src/robu/build/robu/prefix_override:/home/robu/work/robu_ct_ws/src/robu/install/robu/lib/python3.10/site-packages:${PYTHONPATH} /usr/bin/python3 setup.py egg_info --egg-base build/robu build --build-base /home/robu/work/robu_ct_ws/src/robu/build/robu/build install --record /home/robu/work/robu_ct_ws/src/robu/build/robu/install.log --single-version-externally-managed
[3.366s] Level 1:colcon.colcon_core.environment:checking '/home/robu/work/robu_ct_ws/src/robu/install/robu' for CMake module files
[3.367s] Level 1:colcon.colcon_core.environment:checking '/home/robu/work/robu_ct_ws/src/robu/install/robu' for CMake config files
[3.368s] Level 1:colcon.colcon_core.environment:checking '/home/robu/work/robu_ct_ws/src/robu/install/robu/lib'
[3.368s] Level 1:colcon.colcon_core.environment:checking '/home/robu/work/robu_ct_ws/src/robu/install/robu/bin'
[3.368s] Level 1:colcon.colcon_core.environment:checking '/home/robu/work/robu_ct_ws/src/robu/install/robu/lib/pkgconfig/robu.pc'
[3.369s] Level 1:colcon.colcon_core.environment:checking '/home/robu/work/robu_ct_ws/src/robu/install/robu/lib/python3.10/site-packages'
[3.369s] Level 1:colcon.colcon_core.shell:create_environment_hook('robu', 'pythonpath')
[3.370s] INFO:colcon.colcon_core.shell:Creating environment hook '/home/robu/work/robu_ct_ws/src/robu/install/robu/share/robu/hook/pythonpath.ps1'
[3.372s] INFO:colcon.colcon_core.shell:Creating environment descriptor '/home/robu/work/robu_ct_ws/src/robu/install/robu/share/robu/hook/pythonpath.dsv'
[3.374s] INFO:colcon.colcon_core.shell:Creating environment hook '/home/robu/work/robu_ct_ws/src/robu/install/robu/share/robu/hook/pythonpath.sh'
[3.375s] Level 1:colcon.colcon_core.environment:checking '/home/robu/work/robu_ct_ws/src/robu/install/robu/bin'
[3.375s] Level 1:colcon.colcon_core.environment:create_environment_scripts_only(robu)
[3.377s] INFO:colcon.colcon_core.shell:Creating package script '/home/robu/work/robu_ct_ws/src/robu/install/robu/share/robu/package.ps1'
[3.379s] INFO:colcon.colcon_core.shell:Creating package descriptor '/home/robu/work/robu_ct_ws/src/robu/install/robu/share/robu/package.dsv'
[3.387s] INFO:colcon.colcon_core.shell:Creating package script '/home/robu/work/robu_ct_ws/src/robu/install/robu/share/robu/package.sh'
[3.390s] INFO:colcon.colcon_core.shell:Creating package script '/home/robu/work/robu_ct_ws/src/robu/install/robu/share/robu/package.bash'
[3.393s] INFO:colcon.colcon_core.shell:Creating package script '/home/robu/work/robu_ct_ws/src/robu/install/robu/share/robu/package.zsh'
[3.396s] Level 1:colcon.colcon_core.environment:create_file_with_runtime_dependencies(/home/robu/work/robu_ct_ws/src/robu/install/robu/share/colcon-core/packages/robu)
[3.396s] DEBUG:colcon.colcon_parallel_executor.executor.parallel:closing loop
[3.397s] DEBUG:colcon.colcon_parallel_executor.executor.parallel:loop closed
[3.397s] DEBUG:colcon.colcon_parallel_executor.executor.parallel:run_until_complete finished with '0'
[3.397s] DEBUG:colcon.colcon_core.event_reactor:joining thread
[3.418s] INFO:colcon.colcon_core.plugin_system:Skipping extension 'colcon_notification.desktop_notification.terminal_notifier': Not used on non-Darwin systems
[3.418s] INFO:colcon.colcon_core.plugin_system:Skipping extension 'colcon_notification.desktop_notification.win32': Not used on non-Windows systems
[3.418s] INFO:colcon.colcon_notification.desktop_notification:Sending desktop notification using 'notify2'
[3.458s] DEBUG:colcon.colcon_core.event_reactor:joined thread
[3.460s] INFO:colcon.colcon_core.shell:Creating prefix script '/home/robu/work/robu_ct_ws/src/robu/install/local_setup.ps1'
[3.462s] INFO:colcon.colcon_core.shell:Creating prefix util module '/home/robu/work/robu_ct_ws/src/robu/install/_local_setup_util_ps1.py'
[3.464s] INFO:colcon.colcon_core.shell:Creating prefix chain script '/home/robu/work/robu_ct_ws/src/robu/install/setup.ps1'
[3.469s] INFO:colcon.colcon_core.shell:Creating prefix script '/home/robu/work/robu_ct_ws/src/robu/install/local_setup.sh'
[3.471s] INFO:colcon.colcon_core.shell:Creating prefix util module '/home/robu/work/robu_ct_ws/src/robu/install/_local_setup_util_sh.py'
[3.471s] INFO:colcon.colcon_core.shell:Creating prefix chain script '/home/robu/work/robu_ct_ws/src/robu/install/setup.sh'
[3.475s] INFO:colcon.colcon_core.shell:Creating prefix script '/home/robu/work/robu_ct_ws/src/robu/install/local_setup.bash'
[3.479s] INFO:colcon.colcon_core.shell:Creating prefix chain script '/home/robu/work/robu_ct_ws/src/robu/install/setup.bash'
[3.488s] INFO:colcon.colcon_core.shell:Creating prefix script '/home/robu/work/robu_ct_ws/src/robu/install/local_setup.zsh'
[3.489s] INFO:colcon.colcon_core.shell:Creating prefix chain script '/home/robu/work/robu_ct_ws/src/robu/install/setup.zsh'
