[1.018s] Invoking command in '/home/robu/work/robu_ct_ws/src/robu': PYTHONPATH=/home/robu/work/robu_ct_ws/build/robu/prefix_override:/home/robu/work/robu_ct_ws/install/robu/lib/python3.10/site-packages:${PYTHONPATH} /usr/bin/python3 setup.py egg_info --egg-base ../../build/robu build --build-base /home/robu/work/robu_ct_ws/build/robu/build install --record /home/robu/work/robu_ct_ws/build/robu/install.log --single-version-externally-managed
[1.400s] running egg_info
[1.401s] writing ../../build/robu/robu.egg-info/PKG-INFO
[1.402s] writing dependency_links to ../../build/robu/robu.egg-info/dependency_links.txt
[1.403s] writing entry points to ../../build/robu/robu.egg-info/entry_points.txt
[1.403s] writing requirements to ../../build/robu/robu.egg-info/requires.txt
[1.404s] writing top-level names to ../../build/robu/robu.egg-info/top_level.txt
[1.406s] reading manifest file '../../build/robu/robu.egg-info/SOURCES.txt'
[1.407s] writing manifest file '../../build/robu/robu.egg-info/SOURCES.txt'
[1.408s] running build
[1.408s] running build_py
[1.408s] running install
[1.408s] running install_lib
[1.410s] running install_data
[1.410s] copying package.xml -> /home/robu/work/robu_ct_ws/install/robu/share/robu
[1.411s] running install_egg_info
[1.413s] removing '/home/robu/work/robu_ct_ws/install/robu/lib/python3.10/site-packages/robu-0.0.0-py3.10.egg-info' (and everything under it)
[1.413s] Copying ../../build/robu/robu.egg-info to /home/robu/work/robu_ct_ws/install/robu/lib/python3.10/site-packages/robu-0.0.0-py3.10.egg-info
[1.415s] running install_scripts
[1.441s] Installing ex10_wallfollower script to /home/robu/work/robu_ct_ws/install/robu/lib/robu
[1.441s] Installing mypublisher = robu.publisher_member_function:mainmysubscriber script to /home/robu/work/robu_ct_ws/install/robu/lib/robu
[1.442s] writing list of installed files to '/home/robu/work/robu_ct_ws/build/robu/install.log'
[1.485s] Invoked command in '/home/robu/work/robu_ct_ws/src/robu' returned '0': PYTHONPATH=/home/robu/work/robu_ct_ws/build/robu/prefix_override:/home/robu/work/robu_ct_ws/install/robu/lib/python3.10/site-packages:${PYTHONPATH} /usr/bin/python3 setup.py egg_info --egg-base ../../build/robu build --build-base /home/robu/work/robu_ct_ws/build/robu/build install --record /home/robu/work/robu_ct_ws/build/robu/install.log --single-version-externally-managed
