[1.097s] Invoking command in '/home/robu/work/robu_ct_ws/src/robu': PYTHONPATH=/home/robu/work/robu_ct_ws/src/robu/build/robu/prefix_override:/home/robu/work/robu_ct_ws/src/robu/install/robu/lib/python3.10/site-packages:${PYTHONPATH} /usr/bin/python3 setup.py egg_info --egg-base build/robu build --build-base /home/robu/work/robu_ct_ws/src/robu/build/robu/build install --record /home/robu/work/robu_ct_ws/src/robu/build/robu/install.log --single-version-externally-managed
[1.545s] running egg_info
[1.546s] creating build/robu/robu.egg-info
[1.546s] writing build/robu/robu.egg-info/PKG-INFO
[1.546s] writing dependency_links to build/robu/robu.egg-info/dependency_links.txt
[1.546s] writing entry points to build/robu/robu.egg-info/entry_points.txt
[1.547s] writing requirements to build/robu/robu.egg-info/requires.txt
[1.547s] writing top-level names to build/robu/robu.egg-info/top_level.txt
[1.547s] writing manifest file 'build/robu/robu.egg-info/SOURCES.txt'
[1.550s] reading manifest file 'build/robu/robu.egg-info/SOURCES.txt'
[1.551s] writing manifest file 'build/robu/robu.egg-info/SOURCES.txt'
[1.551s] running build
[1.551s] running build_py
[1.551s] creating /home/robu/work/robu_ct_ws/src/robu/build/robu/build
[1.551s] creating /home/robu/work/robu_ct_ws/src/robu/build/robu/build/lib
[1.552s] creating /home/robu/work/robu_ct_ws/src/robu/build/robu/build/lib/robu
[1.552s] copying robu/ex10_wallfollower.py -> /home/robu/work/robu_ct_ws/src/robu/build/robu/build/lib/robu
[1.552s] copying robu/publisher_member_function.py -> /home/robu/work/robu_ct_ws/src/robu/build/robu/build/lib/robu
[1.553s] copying robu/__init__.py -> /home/robu/work/robu_ct_ws/src/robu/build/robu/build/lib/robu
[1.553s] copying robu/subscriber_member_function.py -> /home/robu/work/robu_ct_ws/src/robu/build/robu/build/lib/robu
[1.554s] running install
[1.555s] running install_lib
[1.556s] creating /home/robu/work/robu_ct_ws/src/robu/install/robu/lib/python3.10/site-packages/robu
[1.556s] copying /home/robu/work/robu_ct_ws/src/robu/build/robu/build/lib/robu/ex10_wallfollower.py -> /home/robu/work/robu_ct_ws/src/robu/install/robu/lib/python3.10/site-packages/robu
[1.556s] copying /home/robu/work/robu_ct_ws/src/robu/build/robu/build/lib/robu/publisher_member_function.py -> /home/robu/work/robu_ct_ws/src/robu/install/robu/lib/python3.10/site-packages/robu
[1.556s] copying /home/robu/work/robu_ct_ws/src/robu/build/robu/build/lib/robu/__init__.py -> /home/robu/work/robu_ct_ws/src/robu/install/robu/lib/python3.10/site-packages/robu
[1.557s] copying /home/robu/work/robu_ct_ws/src/robu/build/robu/build/lib/robu/subscriber_member_function.py -> /home/robu/work/robu_ct_ws/src/robu/install/robu/lib/python3.10/site-packages/robu
[1.558s] byte-compiling /home/robu/work/robu_ct_ws/src/robu/install/robu/lib/python3.10/site-packages/robu/ex10_wallfollower.py to ex10_wallfollower.cpython-310.pyc
[1.558s]   File "/home/robu/work/robu_ct_ws/src/robu/install/robu/lib/python3.10/site-packages/robu/ex10_wallfollower.py", line 4
[1.558s]     import std_msgs.msg import String
[1.558s]                         ^^^^^^
[1.558s] SyntaxError: invalid syntax
[1.558s] 
[1.558s] byte-compiling /home/robu/work/robu_ct_ws/src/robu/install/robu/lib/python3.10/site-packages/robu/publisher_member_function.py to publisher_member_function.cpython-310.pyc
[1.560s] byte-compiling /home/robu/work/robu_ct_ws/src/robu/install/robu/lib/python3.10/site-packages/robu/__init__.py to __init__.cpython-310.pyc
[1.560s] byte-compiling /home/robu/work/robu_ct_ws/src/robu/install/robu/lib/python3.10/site-packages/robu/subscriber_member_function.py to subscriber_member_function.cpython-310.pyc
[1.561s] running install_data
[1.561s] creating /home/robu/work/robu_ct_ws/src/robu/install/robu/share
[1.561s] creating /home/robu/work/robu_ct_ws/src/robu/install/robu/share/ament_index
[1.561s] creating /home/robu/work/robu_ct_ws/src/robu/install/robu/share/ament_index/resource_index
[1.561s] creating /home/robu/work/robu_ct_ws/src/robu/install/robu/share/ament_index/resource_index/packages
[1.561s] copying resource/robu -> /home/robu/work/robu_ct_ws/src/robu/install/robu/share/ament_index/resource_index/packages
[1.561s] creating /home/robu/work/robu_ct_ws/src/robu/install/robu/share/robu
[1.561s] copying package.xml -> /home/robu/work/robu_ct_ws/src/robu/install/robu/share/robu
[1.561s] running install_egg_info
[1.564s] Copying build/robu/robu.egg-info to /home/robu/work/robu_ct_ws/src/robu/install/robu/lib/python3.10/site-packages/robu-0.0.0-py3.10.egg-info
[1.566s] running install_scripts
[1.595s] Installing mypublisher script to /home/robu/work/robu_ct_ws/src/robu/install/robu/lib/robu
[1.595s] Installing mysubscriber script to /home/robu/work/robu_ct_ws/src/robu/install/robu/lib/robu
[1.595s] Installing wallfollower script to /home/robu/work/robu_ct_ws/src/robu/install/robu/lib/robu
[1.596s] writing list of installed files to '/home/robu/work/robu_ct_ws/src/robu/build/robu/install.log'
[1.642s] Invoked command in '/home/robu/work/robu_ct_ws/src/robu' returned '0': PYTHONPATH=/home/robu/work/robu_ct_ws/src/robu/build/robu/prefix_override:/home/robu/work/robu_ct_ws/src/robu/install/robu/lib/python3.10/site-packages:${PYTHONPATH} /usr/bin/python3 setup.py egg_info --egg-base build/robu build --build-base /home/robu/work/robu_ct_ws/src/robu/build/robu/build install --record /home/robu/work/robu_ct_ws/src/robu/build/robu/install.log --single-version-externally-managed
