[0.876s] Invoking command in '/home/robu/work/robu_ct_ws/build/robu': PYTHONPATH=/home/robu/work/robu_ct_ws/build/robu/prefix_override:/home/robu/work/robu_ct_ws/install/robu/lib/python3.10/site-packages:${PYTHONPATH} /usr/bin/python3 setup.py develop --uninstall --editable --build-directory /home/robu/work/robu_ct_ws/build/robu/build
[1.255s] running develop
[1.532s] Invoked command in '/home/robu/work/robu_ct_ws/build/robu' returned '0': PYTHONPATH=/home/robu/work/robu_ct_ws/build/robu/prefix_override:/home/robu/work/robu_ct_ws/install/robu/lib/python3.10/site-packages:${PYTHONPATH} /usr/bin/python3 setup.py develop --uninstall --editable --build-directory /home/robu/work/robu_ct_ws/build/robu/build
[1.534s] Invoking command in '/home/robu/work/robu_ct_ws/src/robu': PYTHONPATH=/home/robu/work/robu_ct_ws/build/robu/prefix_override:/home/robu/work/robu_ct_ws/install/robu/lib/python3.10/site-packages:${PYTHONPATH} /usr/bin/python3 setup.py egg_info --egg-base ../../build/robu build --build-base /home/robu/work/robu_ct_ws/build/robu/build install --record /home/robu/work/robu_ct_ws/build/robu/install.log --single-version-externally-managed
[1.882s] running egg_info
[1.883s] writing ../../build/robu/robu.egg-info/PKG-INFO
[1.885s] writing dependency_links to ../../build/robu/robu.egg-info/dependency_links.txt
[1.885s] writing entry points to ../../build/robu/robu.egg-info/entry_points.txt
[1.886s] writing requirements to ../../build/robu/robu.egg-info/requires.txt
[1.886s] writing top-level names to ../../build/robu/robu.egg-info/top_level.txt
[1.889s] reading manifest file '../../build/robu/robu.egg-info/SOURCES.txt'
[1.892s] writing manifest file '../../build/robu/robu.egg-info/SOURCES.txt'
[1.892s] running build
[1.892s] running build_py
[1.894s] copying robu/ex10_wallfollower.py -> /home/robu/work/robu_ct_ws/build/robu/build/lib/robu
[1.895s] running install
[1.895s] running install_lib
[1.897s] copying /home/robu/work/robu_ct_ws/build/robu/build/lib/robu/ex10_wallfollower.py -> /home/robu/work/robu_ct_ws/install/robu/lib/python3.10/site-packages/robu
[1.899s] byte-compiling /home/robu/work/robu_ct_ws/install/robu/lib/python3.10/site-packages/robu/ex10_wallfollower.py to ex10_wallfollower.cpython-310.pyc
[1.900s]   File "/home/robu/work/robu_ct_ws/install/robu/lib/python3.10/site-packages/robu/ex10_wallfollower.py", line 4
[1.900s]     import std_msgs.msg import String
[1.900s]                         ^^^^^^
[1.900s] SyntaxError: invalid syntax
[1.900s] 
[1.901s] running install_data
[1.902s] running install_egg_info
[1.904s] removing '/home/robu/work/robu_ct_ws/install/robu/lib/python3.10/site-packages/robu-0.0.0-py3.10.egg-info' (and everything under it)
[1.905s] Copying ../../build/robu/robu.egg-info to /home/robu/work/robu_ct_ws/install/robu/lib/python3.10/site-packages/robu-0.0.0-py3.10.egg-info
[1.907s] running install_scripts
[1.931s] Installing mypublisher script to /home/robu/work/robu_ct_ws/install/robu/lib/robu
[1.932s] Installing mysubscriber script to /home/robu/work/robu_ct_ws/install/robu/lib/robu
[1.933s] Installing wallfollower script to /home/robu/work/robu_ct_ws/install/robu/lib/robu
[1.933s] writing list of installed files to '/home/robu/work/robu_ct_ws/build/robu/install.log'
[1.980s] Invoked command in '/home/robu/work/robu_ct_ws/src/robu' returned '0': PYTHONPATH=/home/robu/work/robu_ct_ws/build/robu/prefix_override:/home/robu/work/robu_ct_ws/install/robu/lib/python3.10/site-packages:${PYTHONPATH} /usr/bin/python3 setup.py egg_info --egg-base ../../build/robu build --build-base /home/robu/work/robu_ct_ws/build/robu/build install --record /home/robu/work/robu_ct_ws/build/robu/install.log --single-version-externally-managed
