[0.939s] Invoking command in '/home/robu/work/robu_ct_ws/build/robu': PYTHONPATH=/home/robu/work/robu_ct_ws/build/robu/prefix_override:/home/robu/work/robu_ct_ws/install/robu/lib/python3.10/site-packages:${PYTHONPATH} /usr/bin/python3 setup.py develop --uninstall --editable --build-directory /home/robu/work/robu_ct_ws/build/robu/build
[1.336s] running develop
[1.614s] Invoked command in '/home/robu/work/robu_ct_ws/build/robu' returned '0': PYTHONPATH=/home/robu/work/robu_ct_ws/build/robu/prefix_override:/home/robu/work/robu_ct_ws/install/robu/lib/python3.10/site-packages:${PYTHONPATH} /usr/bin/python3 setup.py develop --uninstall --editable --build-directory /home/robu/work/robu_ct_ws/build/robu/build
[1.615s] Invoking command in '/home/robu/work/robu_ct_ws/src/robu': PYTHONPATH=/home/robu/work/robu_ct_ws/build/robu/prefix_override:/home/robu/work/robu_ct_ws/install/robu/lib/python3.10/site-packages:${PYTHONPATH} /usr/bin/python3 setup.py egg_info --egg-base ../../build/robu build --build-base /home/robu/work/robu_ct_ws/build/robu/build install --record /home/robu/work/robu_ct_ws/build/robu/install.log --single-version-externally-managed
[1.965s] running egg_info
[1.966s] writing ../../build/robu/robu.egg-info/PKG-INFO
[1.966s] writing dependency_links to ../../build/robu/robu.egg-info/dependency_links.txt
[1.967s] writing entry points to ../../build/robu/robu.egg-info/entry_points.txt
[1.967s] writing requirements to ../../build/robu/robu.egg-info/requires.txt
[1.967s] writing top-level names to ../../build/robu/robu.egg-info/top_level.txt
[1.969s] reading manifest file '../../build/robu/robu.egg-info/SOURCES.txt'
[1.970s] writing manifest file '../../build/robu/robu.egg-info/SOURCES.txt'
[1.971s] running build
[1.971s] running build_py
[1.971s] running install
[1.971s] running install_lib
[1.973s] byte-compiling /home/robu/work/robu_ct_ws/install/robu/lib/python3.10/site-packages/robu/ex10_wallfollower.py to ex10_wallfollower.cpython-310.pyc
[1.973s]   File "/home/robu/work/robu_ct_ws/install/robu/lib/python3.10/site-packages/robu/ex10_wallfollower.py", line 3
[1.973s]     import rclpy.node import Node
[1.974s]                       ^^^^^^
[1.974s] SyntaxError: invalid syntax
[1.974s] 
[1.974s] running install_data
[1.974s] running install_egg_info
[1.976s] removing '/home/robu/work/robu_ct_ws/install/robu/lib/python3.10/site-packages/robu-0.0.0-py3.10.egg-info' (and everything under it)
[1.977s] Copying ../../build/robu/robu.egg-info to /home/robu/work/robu_ct_ws/install/robu/lib/python3.10/site-packages/robu-0.0.0-py3.10.egg-info
[1.978s] running install_scripts
[2.006s] Installing mypublisher script to /home/robu/work/robu_ct_ws/install/robu/lib/robu
[2.006s] Installing mysubscriber script to /home/robu/work/robu_ct_ws/install/robu/lib/robu
[2.007s] Installing wallfollower script to /home/robu/work/robu_ct_ws/install/robu/lib/robu
[2.007s] writing list of installed files to '/home/robu/work/robu_ct_ws/build/robu/install.log'
[2.058s] Invoked command in '/home/robu/work/robu_ct_ws/src/robu' returned '0': PYTHONPATH=/home/robu/work/robu_ct_ws/build/robu/prefix_override:/home/robu/work/robu_ct_ws/install/robu/lib/python3.10/site-packages:${PYTHONPATH} /usr/bin/python3 setup.py egg_info --egg-base ../../build/robu build --build-base /home/robu/work/robu_ct_ws/build/robu/build install --record /home/robu/work/robu_ct_ws/build/robu/install.log --single-version-externally-managed
