[1.077s] Invoking command in '/home/robu/work/robu_ct_ws/build/robu': PYTHONPATH=/home/robu/work/robu_ct_ws/build/robu/prefix_override:/home/robu/work/robu_ct_ws/install/robu/lib/python3.10/site-packages:${PYTHONPATH} /usr/bin/python3 setup.py develop --uninstall --editable --build-directory /home/robu/work/robu_ct_ws/build/robu/build
[1.521s] running develop
[1.864s] Invoked command in '/home/robu/work/robu_ct_ws/build/robu' returned '0': PYTHONPATH=/home/robu/work/robu_ct_ws/build/robu/prefix_override:/home/robu/work/robu_ct_ws/install/robu/lib/python3.10/site-packages:${PYTHONPATH} /usr/bin/python3 setup.py develop --uninstall --editable --build-directory /home/robu/work/robu_ct_ws/build/robu/build
[1.865s] Invoking command in '/home/robu/work/robu_ct_ws/src/robu': PYTHONPATH=/home/robu/work/robu_ct_ws/build/robu/prefix_override:/home/robu/work/robu_ct_ws/install/robu/lib/python3.10/site-packages:${PYTHONPATH} /usr/bin/python3 setup.py egg_info --egg-base ../../build/robu build --build-base /home/robu/work/robu_ct_ws/build/robu/build install --record /home/robu/work/robu_ct_ws/build/robu/install.log --single-version-externally-managed
[2.254s] running egg_info
[2.256s] writing ../../build/robu/robu.egg-info/PKG-INFO
[2.256s] writing dependency_links to ../../build/robu/robu.egg-info/dependency_links.txt
[2.257s] writing entry points to ../../build/robu/robu.egg-info/entry_points.txt
[2.258s] writing requirements to ../../build/robu/robu.egg-info/requires.txt
[2.258s] writing top-level names to ../../build/robu/robu.egg-info/top_level.txt
[2.261s] reading manifest file '../../build/robu/robu.egg-info/SOURCES.txt'
[2.262s] writing manifest file '../../build/robu/robu.egg-info/SOURCES.txt'
[2.263s] running build
[2.263s] running build_py
[2.264s] running install
[2.264s] running install_lib
[2.266s] byte-compiling /home/robu/work/robu_ct_ws/install/robu/lib/python3.10/site-packages/robu/ex10_wallfollower.py to ex10_wallfollower.cpython-310.pyc
[2.267s]   File "/home/robu/work/robu_ct_ws/install/robu/lib/python3.10/site-packages/robu/ex10_wallfollower.py", line 4
[2.267s]     import std_msgs.msg import String
[2.267s]                         ^^^^^^
[2.267s] SyntaxError: invalid syntax
[2.267s] 
[2.267s] running install_data
[2.268s] running install_egg_info
[2.271s] removing '/home/robu/work/robu_ct_ws/install/robu/lib/python3.10/site-packages/robu-0.0.0-py3.10.egg-info' (and everything under it)
[2.271s] Copying ../../build/robu/robu.egg-info to /home/robu/work/robu_ct_ws/install/robu/lib/python3.10/site-packages/robu-0.0.0-py3.10.egg-info
[2.273s] running install_scripts
[2.300s] Installing mypublisher script to /home/robu/work/robu_ct_ws/install/robu/lib/robu
[2.300s] Installing mysubscriber script to /home/robu/work/robu_ct_ws/install/robu/lib/robu
[2.301s] Installing wallfollower script to /home/robu/work/robu_ct_ws/install/robu/lib/robu
[2.302s] writing list of installed files to '/home/robu/work/robu_ct_ws/build/robu/install.log'
[2.361s] Invoked command in '/home/robu/work/robu_ct_ws/src/robu' returned '0': PYTHONPATH=/home/robu/work/robu_ct_ws/build/robu/prefix_override:/home/robu/work/robu_ct_ws/install/robu/lib/python3.10/site-packages:${PYTHONPATH} /usr/bin/python3 setup.py egg_info --egg-base ../../build/robu build --build-base /home/robu/work/robu_ct_ws/build/robu/build install --record /home/robu/work/robu_ct_ws/build/robu/install.log --single-version-externally-managed
