[0.892s] Invoking command in '/home/robu/work/robu_ct_ws/build/robu': PYTHONPATH=/home/robu/work/robu_ct_ws/build/robu/prefix_override:/home/robu/work/robu_ct_ws/install/robu/lib/python3.10/site-packages:${PYTHONPATH} /usr/bin/python3 setup.py develop --uninstall --editable --build-directory /home/robu/work/robu_ct_ws/build/robu/build
[1.270s] running develop
[1.503s] Removing /home/robu/work/robu_ct_ws/install/robu/lib/python3.10/site-packages/robu.egg-link (link to .)
[1.548s] Invoked command in '/home/robu/work/robu_ct_ws/build/robu' returned '0': PYTHONPATH=/home/robu/work/robu_ct_ws/build/robu/prefix_override:/home/robu/work/robu_ct_ws/install/robu/lib/python3.10/site-packages:${PYTHONPATH} /usr/bin/python3 setup.py develop --uninstall --editable --build-directory /home/robu/work/robu_ct_ws/build/robu/build
[1.554s] Invoking command in '/home/robu/work/robu_ct_ws/src/robu': PYTHONPATH=/home/robu/work/robu_ct_ws/build/robu/prefix_override:/home/robu/work/robu_ct_ws/install/robu/lib/python3.10/site-packages:${PYTHONPATH} /usr/bin/python3 setup.py egg_info --egg-base ../../build/robu build --build-base /home/robu/work/robu_ct_ws/build/robu/build install --record /home/robu/work/robu_ct_ws/build/robu/install.log --single-version-externally-managed
[1.902s] running egg_info
[1.903s] writing ../../build/robu/robu.egg-info/PKG-INFO
[1.904s] writing dependency_links to ../../build/robu/robu.egg-info/dependency_links.txt
[1.905s] writing entry points to ../../build/robu/robu.egg-info/entry_points.txt
[1.905s] writing requirements to ../../build/robu/robu.egg-info/requires.txt
[1.905s] writing top-level names to ../../build/robu/robu.egg-info/top_level.txt
[1.907s] reading manifest file '../../build/robu/robu.egg-info/SOURCES.txt'
[1.908s] writing manifest file '../../build/robu/robu.egg-info/SOURCES.txt'
[1.909s] running build
[1.909s] running build_py
[1.909s] creating /home/robu/work/robu_ct_ws/build/robu/build
[1.909s] creating /home/robu/work/robu_ct_ws/build/robu/build/lib
[1.909s] creating /home/robu/work/robu_ct_ws/build/robu/build/lib/robu
[1.910s] copying robu/ex10_wallfollower.py -> /home/robu/work/robu_ct_ws/build/robu/build/lib/robu
[1.910s] copying robu/publisher_member_function.py -> /home/robu/work/robu_ct_ws/build/robu/build/lib/robu
[1.910s] copying robu/__init__.py -> /home/robu/work/robu_ct_ws/build/robu/build/lib/robu
[1.910s] copying robu/subscriber_member_function.py -> /home/robu/work/robu_ct_ws/build/robu/build/lib/robu
[1.910s] running install
[1.911s] running install_lib
[1.911s] creating /home/robu/work/robu_ct_ws/install/robu/lib/python3.10/site-packages/robu
[1.913s] copying /home/robu/work/robu_ct_ws/build/robu/build/lib/robu/ex10_wallfollower.py -> /home/robu/work/robu_ct_ws/install/robu/lib/python3.10/site-packages/robu
[1.913s] copying /home/robu/work/robu_ct_ws/build/robu/build/lib/robu/publisher_member_function.py -> /home/robu/work/robu_ct_ws/install/robu/lib/python3.10/site-packages/robu
[1.913s] copying /home/robu/work/robu_ct_ws/build/robu/build/lib/robu/__init__.py -> /home/robu/work/robu_ct_ws/install/robu/lib/python3.10/site-packages/robu
[1.913s] copying /home/robu/work/robu_ct_ws/build/robu/build/lib/robu/subscriber_member_function.py -> /home/robu/work/robu_ct_ws/install/robu/lib/python3.10/site-packages/robu
[1.914s] byte-compiling /home/robu/work/robu_ct_ws/install/robu/lib/python3.10/site-packages/robu/ex10_wallfollower.py to ex10_wallfollower.cpython-310.pyc
[1.914s] byte-compiling /home/robu/work/robu_ct_ws/install/robu/lib/python3.10/site-packages/robu/publisher_member_function.py to publisher_member_function.cpython-310.pyc
[1.914s] byte-compiling /home/robu/work/robu_ct_ws/install/robu/lib/python3.10/site-packages/robu/__init__.py to __init__.cpython-310.pyc
[1.914s] byte-compiling /home/robu/work/robu_ct_ws/install/robu/lib/python3.10/site-packages/robu/subscriber_member_function.py to subscriber_member_function.cpython-310.pyc
[1.915s] running install_data
[1.917s] running install_egg_info
[1.917s] Copying ../../build/robu/robu.egg-info to /home/robu/work/robu_ct_ws/install/robu/lib/python3.10/site-packages/robu-0.0.0-py3.10.egg-info
[1.918s] running install_scripts
[1.946s] Installing mypublisher script to /home/robu/work/robu_ct_ws/install/robu/lib/robu
[1.947s] Installing mysubscriber script to /home/robu/work/robu_ct_ws/install/robu/lib/robu
[1.947s] Installing wallfollower script to /home/robu/work/robu_ct_ws/install/robu/lib/robu
[1.948s] writing list of installed files to '/home/robu/work/robu_ct_ws/build/robu/install.log'
[1.999s] Invoked command in '/home/robu/work/robu_ct_ws/src/robu' returned '0': PYTHONPATH=/home/robu/work/robu_ct_ws/build/robu/prefix_override:/home/robu/work/robu_ct_ws/install/robu/lib/python3.10/site-packages:${PYTHONPATH} /usr/bin/python3 setup.py egg_info --egg-base ../../build/robu build --build-base /home/robu/work/robu_ct_ws/build/robu/build install --record /home/robu/work/robu_ct_ws/build/robu/install.log --single-version-externally-managed
