[1.141s] Invoking command in '/home/robu/work/robu_ct_ws/build/robu': PYTHONPATH=/home/robu/work/robu_ct_ws/build/robu/prefix_override:/home/robu/work/robu_ct_ws/install/robu/lib/python3.10/site-packages:${PYTHONPATH} /usr/bin/python3 setup.py develop --uninstall --editable --build-directory /home/robu/work/robu_ct_ws/build/robu/build
[1.615s] running develop
[1.978s] Invoked command in '/home/robu/work/robu_ct_ws/build/robu' returned '0': PYTHONPATH=/home/robu/work/robu_ct_ws/build/robu/prefix_override:/home/robu/work/robu_ct_ws/install/robu/lib/python3.10/site-packages:${PYTHONPATH} /usr/bin/python3 setup.py develop --uninstall --editable --build-directory /home/robu/work/robu_ct_ws/build/robu/build
[1.978s] Invoking command in '/home/robu/work/robu_ct_ws/src/robu': PYTHONPATH=/home/robu/work/robu_ct_ws/build/robu/prefix_override:/home/robu/work/robu_ct_ws/install/robu/lib/python3.10/site-packages:${PYTHONPATH} /usr/bin/python3 setup.py egg_info --egg-base ../../build/robu build --build-base /home/robu/work/robu_ct_ws/build/robu/build install --record /home/robu/work/robu_ct_ws/build/robu/install.log --single-version-externally-managed
[2.457s] running egg_info
[2.460s] writing ../../build/robu/robu.egg-info/PKG-INFO
[2.463s] writing dependency_links to ../../build/robu/robu.egg-info/dependency_links.txt
[2.464s] writing entry points to ../../build/robu/robu.egg-info/entry_points.txt
[2.465s] writing requirements to ../../build/robu/robu.egg-info/requires.txt
[2.465s] writing top-level names to ../../build/robu/robu.egg-info/top_level.txt
[2.470s] reading manifest file '../../build/robu/robu.egg-info/SOURCES.txt'
[2.472s] writing manifest file '../../build/robu/robu.egg-info/SOURCES.txt'
[2.473s] running build
[2.473s] running build_py
[2.475s] running install
[2.476s] running install_lib
[2.478s] byte-compiling /home/robu/work/robu_ct_ws/install/robu/lib/python3.10/site-packages/robu/ex10_wallfollower.py to ex10_wallfollower.cpython-310.pyc
[2.479s]   File "/home/robu/work/robu_ct_ws/install/robu/lib/python3.10/site-packages/robu/ex10_wallfollower.py", line 4
[2.479s]     import std_msgs.msg import String
[2.479s]                         ^^^^^^
[2.479s] SyntaxError: invalid syntax
[2.479s] 
[2.480s] running install_data
[2.481s] running install_egg_info
[2.484s] removing '/home/robu/work/robu_ct_ws/install/robu/lib/python3.10/site-packages/robu-0.0.0-py3.10.egg-info' (and everything under it)
[2.485s] Copying ../../build/robu/robu.egg-info to /home/robu/work/robu_ct_ws/install/robu/lib/python3.10/site-packages/robu-0.0.0-py3.10.egg-info
[2.487s] running install_scripts
[2.519s] Installing mypublisher script to /home/robu/work/robu_ct_ws/install/robu/lib/robu
[2.519s] Installing mysubscriber script to /home/robu/work/robu_ct_ws/install/robu/lib/robu
[2.520s] Installing wallfollower script to /home/robu/work/robu_ct_ws/install/robu/lib/robu
[2.521s] writing list of installed files to '/home/robu/work/robu_ct_ws/build/robu/install.log'
[2.586s] Invoked command in '/home/robu/work/robu_ct_ws/src/robu' returned '0': PYTHONPATH=/home/robu/work/robu_ct_ws/build/robu/prefix_override:/home/robu/work/robu_ct_ws/install/robu/lib/python3.10/site-packages:${PYTHONPATH} /usr/bin/python3 setup.py egg_info --egg-base ../../build/robu build --build-base /home/robu/work/robu_ct_ws/build/robu/build install --record /home/robu/work/robu_ct_ws/build/robu/install.log --single-version-externally-managed
