[0.914s] Invoking command in '/home/robu/work/robu_ct_ws/build/robu': PYTHONPATH=/home/robu/work/robu_ct_ws/build/robu/prefix_override:/home/robu/work/robu_ct_ws/install/robu/lib/python3.10/site-packages:${PYTHONPATH} /usr/bin/python3 setup.py develop --uninstall --editable --build-directory /home/robu/work/robu_ct_ws/build/robu/build
[1.283s] running develop
[1.565s] Invoked command in '/home/robu/work/robu_ct_ws/build/robu' returned '0': PYTHONPATH=/home/robu/work/robu_ct_ws/build/robu/prefix_override:/home/robu/work/robu_ct_ws/install/robu/lib/python3.10/site-packages:${PYTHONPATH} /usr/bin/python3 setup.py develop --uninstall --editable --build-directory /home/robu/work/robu_ct_ws/build/robu/build
[1.567s] Invoking command in '/home/robu/work/robu_ct_ws/src/robu': PYTHONPATH=/home/robu/work/robu_ct_ws/build/robu/prefix_override:/home/robu/work/robu_ct_ws/install/robu/lib/python3.10/site-packages:${PYTHONPATH} /usr/bin/python3 setup.py egg_info --egg-base ../../build/robu build --build-base /home/robu/work/robu_ct_ws/build/robu/build install --record /home/robu/work/robu_ct_ws/build/robu/install.log --single-version-externally-managed
[1.906s] running egg_info
[1.907s] writing ../../build/robu/robu.egg-info/PKG-INFO
[1.907s] writing dependency_links to ../../build/robu/robu.egg-info/dependency_links.txt
[1.908s] writing entry points to ../../build/robu/robu.egg-info/entry_points.txt
[1.908s] writing requirements to ../../build/robu/robu.egg-info/requires.txt
[1.909s] writing top-level names to ../../build/robu/robu.egg-info/top_level.txt
[1.911s] reading manifest file '../../build/robu/robu.egg-info/SOURCES.txt'
[1.912s] writing manifest file '../../build/robu/robu.egg-info/SOURCES.txt'
[1.913s] running build
[1.913s] running build_py
[1.913s] copying robu/ex10_wallfollower.py -> /home/robu/work/robu_ct_ws/build/robu/build/lib/robu
[1.914s] running install
[1.914s] running install_lib
[1.915s] copying /home/robu/work/robu_ct_ws/build/robu/build/lib/robu/ex10_wallfollower.py -> /home/robu/work/robu_ct_ws/install/robu/lib/python3.10/site-packages/robu
[1.916s] byte-compiling /home/robu/work/robu_ct_ws/install/robu/lib/python3.10/site-packages/robu/ex10_wallfollower.py to ex10_wallfollower.cpython-310.pyc
[1.917s]   File "/home/robu/work/robu_ct_ws/install/robu/lib/python3.10/site-packages/robu/ex10_wallfollower.py", line 69
[1.917s]     if self.valid lidar data: #Beim erstmaligen Aufruf liegn noch keine LiDAR Daten vor
[1.918s]                   ^^^^^
[1.918s] SyntaxError: invalid syntax
[1.918s] 
[1.919s] running install_data
[1.920s] running install_egg_info
[1.921s] removing '/home/robu/work/robu_ct_ws/install/robu/lib/python3.10/site-packages/robu-0.0.0-py3.10.egg-info' (and everything under it)
[1.929s] Copying ../../build/robu/robu.egg-info to /home/robu/work/robu_ct_ws/install/robu/lib/python3.10/site-packages/robu-0.0.0-py3.10.egg-info
[1.930s] running install_scripts
[1.958s] Installing mypublisher script to /home/robu/work/robu_ct_ws/install/robu/lib/robu
[1.959s] Installing mysubscriber script to /home/robu/work/robu_ct_ws/install/robu/lib/robu
[1.959s] Installing wallfollower script to /home/robu/work/robu_ct_ws/install/robu/lib/robu
[1.960s] writing list of installed files to '/home/robu/work/robu_ct_ws/build/robu/install.log'
[1.998s] Invoked command in '/home/robu/work/robu_ct_ws/src/robu' returned '0': PYTHONPATH=/home/robu/work/robu_ct_ws/build/robu/prefix_override:/home/robu/work/robu_ct_ws/install/robu/lib/python3.10/site-packages:${PYTHONPATH} /usr/bin/python3 setup.py egg_info --egg-base ../../build/robu build --build-base /home/robu/work/robu_ct_ws/build/robu/build install --record /home/robu/work/robu_ct_ws/build/robu/install.log --single-version-externally-managed
